[2012-04-06 22:05] [CREATE CHARACTER] #5502-et2 has created a character by the name Dwight Baker-#9320
[2012-04-19 15:10] [DELETE CHARACTER] #5502-et2 has deleted character #9320-Dwight Baker.
[2012-04-19 15:12] [CREATE CHARACTER] #5502-et2 has created a character by the name Marcus Wayne-#9321
[2012-04-19 15:12] [DELETE CHARACTER] #5502-et2 has deleted character #9321-Marcus Wayne.
[2012-04-19 15:12] [CREATE CHARACTER] #5502-et2 has created a character by the name Marcus Payne-#9322
[2012-04-20 03:41] [DELETE CHARACTER] #5502-et2 has deleted character #9322-Marcus Payne.
[2012-04-20 03:43] [CREATE CHARACTER] #5502-et2 has created a character by the name Dwight Towers-#9323
[2012-04-20 04:53] [CREATE CHARACTER] #5502-et2 has created a character by the name Dwight Tower-#9324
[2012-04-20 05:45] [DELETE CHARACTER] #5502-et2 has deleted character #9324-Dwight Tower.
[2012-04-20 08:31] [CREATE CHARACTER] #5502-et2 has created a character by the name Dwight Parker-#9325
[2012-04-20 11:36] [CREATE CHARACTER] #5502-et2 has created a character by the name Test Char-#9326
[2012-04-20 11:36] [CREATE CHARACTER] #5502-et2 has created a character by the name Ma Ma-#9327
[2012-04-20 11:37] [CREATE CHARACTER] #5502-et2 has created a character by the name Qw Qw-#9328
[2012-04-21 23:47] [CREATE CHARACTER] #5504-bla has created a character by the name Bla Dat-#9329
[2012-04-22 01:43] [CREATE CHARACTER] #5514-xde has created a character by the name Pro Player-#9330
[2012-04-22 01:44] [CREATE CHARACTER] #5515-vff has created a character by the name Bla Date-#9331
[2012-04-22 01:58] [CREATE CHARACTER] #5502-et2 has created a character by the name Qwe Qwe-#9332
[2012-04-22 01:58] [CREATE CHARACTER] #5515-vff has created a character by the name Penis Penis-#9333
[2012-04-22 02:25] [CREATE CHARACTER] #5502-et2 has created a character by the name Btq Btq-#9334
[2014-09-06 02:36] [CREATE CHARACTER] #1-spl4z has created a character by the name Chris Emeral-#1
[2020-02-05 22:40] [CREATE CHARACTER] #1-lindomar has created a character by the name Teste Teste-#2
[2020-02-05 22:59] [CREATE CHARACTER] #2-teste has created a character by the name Teste As-#3
[2020-02-05 23:11] [CREATE CHARACTER] #2-teste has created a character by the name Ata Sm-#4
[2020-02-06 00:05] [CRIAR PERSONAGEM] #5-lindomar criou um personagem com o nome Lindomar Silva-#5
[2020-02-06 00:11] [DELETE CHARACTER] #5-lindomar has deleted character #5-Lindomar Silva.
[2020-02-06 00:12] [CRIAR PERSONAGEM] #5-lindomar criou um personagem com o nome Lindomar Silva-#6
[2020-02-06 00:45] [CRIAR PERSONAGEM] #6-teste criou um personagem com o nome Teste Teste-#7
[2020-02-06 01:29] [CRIAR PERSONAGEM] #7-konaly criou um personagem com o nome Konaly Bonitinho-#8
[2020-02-06 02:02] [CRIAR PERSONAGEM] #7-konaly criou um personagem com o nome Restrito Moreno-#9
[2020-02-06 02:22] [CRIAR PERSONAGEM] #6-teste criou um personagem com o nome Lindo Mar-#10
[2020-02-06 02:40] [CRIAR PERSONAGEM] #8-teste criou um personagem com o nome Teste Teste-#11
[2020-02-06 02:48] [CRIAR PERSONAGEM] #8-teste criou um personagem com o nome Atra As-#12
[2020-02-06 02:58] [DELETE CHARACTER] #8-teste has deleted character #12-Atra As.
[2020-02-06 02:58] [CRIAR PERSONAGEM] #8-teste criou um personagem com o nome Os Testes-#13
[2020-02-06 16:04] [CRIAR PERSONAGEM] #9-konaly criou um personagem com o nome Konaly Brabo-#14
[2020-02-10 01:30] [DELETE CHARACTER] #8-teste has deleted character #11-Teste Teste.
[2020-02-10 01:30] [CRIAR PERSONAGEM] #8-teste criou um personagem com o nome Lindomar Silva-#15
[2020-02-14 00:54] [CRIAR PERSONAGEM] #10-lindomar criou um personagem com o nome Lindomar Silvaa-#16
