[2020-02-08 20:38] [Weapon Hacks] Konaly_Brabo (1 times) - AK-47 (90 ammo, expected 0)
[2020-02-08 20:38] [Weapon Hacks] Teste_Teste (1 times) - AK-47 (90 ammo, expected 0)
[2020-02-08 20:38] [Weapon Hacks] Teste_Teste (2 times) - AK-47 (90 ammo, expected 0)
[2020-02-08 20:40] [Weapon Hacks] Teste_Teste (3 times) - AK-47 (90 ammo, expected 0)
[2020-02-08 20:40] [Weapon Hacks] Teste_Teste (4 times) - AK-47 (90 ammo, expected 0)
[2020-02-08 20:41] [Weapon Hacks] Teste_Teste (5 times) - AK-47 (90 ammo, expected 0)
[2020-02-08 20:43] [Weapon Hacks] Teste_Teste (6 times) - Colt 45 (90 ammo, expected 0)
[2020-02-08 20:43] [Weapon Hacks] Teste_Teste (7 times) - Colt 45 (86 ammo, expected 0)
[2020-02-08 20:44] [Weapon Hacks] Teste_Teste (8 times) - AK-47 (90 ammo, expected 0)
[2020-02-08 20:44] [Weapon Hacks] Teste_Teste (9 times) - AK-47 (90 ammo, expected 0)
[2020-02-08 20:44] [Weapon Hacks] Teste_Teste (10 times) - AK-47 (90 ammo, expected 0)
[2020-02-08 20:45] [Weapon Hacks] Teste_Teste (11 times) - AK-47 (90 ammo, expected 0)
[2020-02-08 20:46] [Weapon Hacks] Konaly_Brabo (2 times) - AK-47 (90 ammo, expected 0)
[2020-02-08 20:46] [Weapon Hacks] Konaly_Brabo (3 times) - AK-47 (90 ammo, expected 0)
[2020-02-08 20:46] [Weapon Hacks] Teste_Teste (12 times) - AK-47 (90 ammo, expected 0)
[2020-02-08 20:47] [Weapon Hacks] Teste_Teste (13 times) - AK-47 (90 ammo, expected 0)
[2020-02-08 20:48] [Weapon Hacks] Teste_Teste (14 times) - AK-47 (90 ammo, expected 0)
[2020-02-08 20:50] [Weapon Hacks] Konaly_Brabo (4 times) - AK-47 (90 ammo, expected 0)
[2020-02-08 20:51] [Weapon Hacks] Teste_Teste (15 times) - AK-47 (90 ammo, expected 0)
[2020-02-08 20:51] [Weapon Hacks] Teste_Teste (16 times) - AK-47 (88 ammo, expected 0)
[2020-02-08 20:52] [Weapon Hacks] Teste_Teste (17 times) - AK-47 (90 ammo, expected 0)
[2020-02-08 20:53] [Weapon Hacks] Teste_Teste (18 times) - AK-47 (90 ammo, expected 0)
[2020-02-08 20:53] [Weapon Hacks] Teste_Teste (19 times) - AK-47 (90 ammo, expected 0)
[2020-02-08 20:53] [Weapon Hacks] Konaly_Brabo (5 times) - AK-47 (90 ammo, expected 0)
[2020-02-08 20:54] [Weapon Hacks] Konaly_Brabo (6 times) - AK-47 (90 ammo, expected 0)
[2020-02-08 20:54] [Weapon Hacks] Teste_Teste (20 times) - AK-47 (86 ammo, expected 0)
[2020-02-08 20:54] [Weapon Hacks] Teste_Teste (21 times) - AK-47 (90 ammo, expected 0)
[2020-02-08 20:55] [Weapon Hacks] Teste_Teste (22 times) - AK-47 (90 ammo, expected 0)
[2020-02-08 20:56] [Weapon Hacks] Teste_Teste (23 times) - AK-47 (71 ammo, expected 0)
[2020-02-08 20:56] [Weapon Hacks] Teste_Teste (24 times) - AK-47 (90 ammo, expected 0)
[2020-02-08 20:56] [Weapon Hacks] Teste_Teste (25 times) - AK-47 (65 ammo, expected 0)
[2020-02-08 20:57] [Weapon Hacks] Teste_Teste (26 times) - AK-47 (90 ammo, expected 0)
[2020-02-08 20:57] [Weapon Hacks] Konaly_Brabo (7 times) - AK-47 (90 ammo, expected 0)
[2020-02-08 21:00] [Weapon Hacks] Konaly_Brabo (8 times) - AK-47 (90 ammo, expected 0)
[2020-02-08 21:00] [Weapon Hacks] Teste_Teste (27 times) - AK-47 (90 ammo, expected 0)
[2020-02-08 21:01] [Weapon Hacks] Teste_Teste (28 times) - AK-47 (90 ammo, expected 0)
[2020-02-08 21:01] [Weapon Hacks] Teste_Teste (29 times) - AK-47 (90 ammo, expected 0)
[2020-02-08 21:02] [Weapon Hacks] Teste_Teste (30 times) - AK-47 (90 ammo, expected 0)
[2020-02-08 21:02] [Weapon Hacks] Teste_Teste (31 times) - AK-47 (90 ammo, expected 0)
[2020-02-08 21:03] [Weapon Hacks] Teste_Teste (32 times) - AK-47 (85 ammo, expected 0)
[2020-02-08 21:05] [Weapon Hacks] Teste_Teste (33 times) - AK-47 (90 ammo, expected 0)
[2020-02-08 21:05] [Weapon Hacks] Teste_Teste (34 times) - AK-47 (90 ammo, expected 0)
[2020-02-08 21:07] [Weapon Hacks] Teste_Teste (35 times) - AK-47 (90 ammo, expected 0)
[2020-02-08 21:07] [Weapon Hacks] Teste_Teste (36 times) - AK-47 (180 ammo, expected 0)
[2020-02-08 21:13] [Weapon Hacks] Teste_Teste (37 times) - AK-47 (90 ammo, expected 0)
[2020-02-08 21:17] [Weapon Hacks] Teste_Teste (38 times) - AK-47 (90 ammo, expected 0)
[2020-02-08 21:17] [Weapon Hacks] Teste_Teste (39 times) - AK-47 (90 ammo, expected 0)
[2020-02-08 21:19] [Weapon Hacks] Teste_Teste (40 times) - AK-47 (90 ammo, expected 0)
[2020-02-08 21:22] [Weapon Hacks] Teste_Teste (41 times) - AK-47 (90 ammo, expected 0)
[2020-02-08 21:23] [Weapon Hacks] Teste_Teste (42 times) - AK-47 (90 ammo, expected 0)
[2020-02-08 21:23] [Weapon Hacks] Teste_Teste (43 times) - AK-47 (90 ammo, expected 0)
[2020-02-08 21:28] [Weapon Hacks] Teste_Teste (44 times) - AK-47 (90 ammo, expected 0)
[2020-02-08 21:28] [Weapon Hacks] Teste_Teste (45 times) - AK-47 (90 ammo, expected 0)
[2020-02-08 21:33] [Weapon Hacks] Teste_Teste (46 times) - AK-47 (90 ammo, expected 0)
[2020-02-08 21:33] [Weapon Hacks] Teste_Teste (47 times) - AK-47 (90 ammo, expected 0)
[2020-02-08 21:38] [Weapon Hacks] Teste_Teste (48 times) - AK-47 (90 ammo, expected 0)
[2020-02-08 21:39] [Weapon Hacks] Teste_Teste (49 times) - AK-47 (90 ammo, expected 0)
[2020-02-08 21:40] [Weapon Hacks] Teste_Teste (50 times) - AK-47 (88 ammo, expected 0)
[2020-02-08 21:40] [Weapon Hacks] Teste_Teste (51 times) - AK-47 (81 ammo, expected 0)
[2020-02-08 21:43] [Weapon Hacks] Teste_Teste (52 times) - AK-47 (90 ammo, expected 0)
[2020-02-08 21:45] [Weapon Hacks] Teste_Teste (53 times) - AK-47 (90 ammo, expected 0)
[2020-02-08 21:50] [Weapon Hacks] Teste_Teste (54 times) - AK-47 (90 ammo, expected 0)
[2020-02-08 21:53] [Weapon Hacks] Teste_Teste (55 times) - AK-47 (90 ammo, expected 0)
[2020-02-08 21:58] [Weapon Hacks] Teste_Teste (56 times) - AK-47 (90 ammo, expected 0)
[2020-02-08 22:00] [Weapon Hacks] Teste_Teste (57 times) - AK-47 (90 ammo, expected 0)
[2020-02-08 22:02] [Weapon Hacks] Teste_Teste (58 times) - AK-47 (90 ammo, expected 0)
[2020-02-08 22:03] [Weapon Hacks] Teste_Teste (59 times) - AK-47 (90 ammo, expected 0)
[2020-02-08 22:04] [Weapon Hacks] Teste_Teste (60 times) - AK-47 (90 ammo, expected 0)
[2020-02-08 22:05] [Weapon Hacks] Teste_Teste (61 times) - AK-47 (90 ammo, expected 0)
[2020-02-08 22:05] [Weapon Hacks] Teste_Teste (62 times) - AK-47 (90 ammo, expected 0)
[2020-02-08 22:09] [Weapon Hacks] Teste_Teste (63 times) - AK-47 (90 ammo, expected 0)
[2020-02-08 22:18] [Weapon Hacks] Teste_Teste (64 times) - AK-47 (90 ammo, expected 0)
[2020-02-08 22:23] [Weapon Hacks] Teste_Teste (65 times) - AK-47 (90 ammo, expected 0)
[2020-02-08 22:24] [Weapon Hacks] Teste_Teste (66 times) - AK-47 (90 ammo, expected 0)
[2020-02-08 22:42] [Weapon Hacks] Teste_Teste (1 times) - AK-47 (90 ammo, expected 0)
[2020-02-08 22:46] [Weapon Hacks] Teste_Teste (2 times) - AK-47 (90 ammo, expected 0)
[2020-02-08 22:46] [Weapon Hacks] Teste_Teste (3 times) - AK-47 (180 ammo, expected 0)
[2020-02-08 22:47] [Weapon Hacks] Teste_Teste (4 times) - AK-47 (90 ammo, expected 0)
[2020-02-08 22:47] [Weapon Hacks] Teste_Teste (5 times) - AK-47 (90 ammo, expected 0)
[2020-02-08 22:48] [Weapon Hacks] Teste_Teste (6 times) - AK-47 (90 ammo, expected 0)
[2020-02-08 22:49] [Weapon Hacks] Teste_Teste (7 times) - AK-47 (90 ammo, expected 0)
[2020-02-08 22:50] [Weapon Hacks] Teste_Teste (8 times) - AK-47 (90 ammo, expected 0)
[2020-02-08 22:59] [Weapon Hacks] Konaly_Brabo (1 times) - AK-47 (90 ammo, expected 0)
[2020-02-08 23:04] [Weapon Hacks] Teste_Teste (1 times) - AK-47 (90 ammo, expected 0)
[2020-02-08 23:06] [Weapon Hacks] Teste_Teste (2 times) - AK-47 (90 ammo, expected 0)
[2020-02-08 23:15] [Weapon Hacks] Teste_Teste (3 times) - AK-47 (85 ammo, expected 0)
[2020-02-08 23:15] [Weapon Hacks] Teste_Teste (4 times) - AK-47 (87 ammo, expected 0)
[2020-02-08 23:16] [Weapon Hacks] Teste_Teste (5 times) - AK-47 (90 ammo, expected 0)
[2020-02-08 23:16] [Weapon Hacks] Teste_Teste (6 times) - AK-47 (90 ammo, expected 0)
[2020-02-08 23:22] [Weapon Hacks] Teste_Teste (1 times) - AK-47 (90 ammo, expected 0)
[2020-02-08 23:40] [Weapon Hacks] Teste_Teste (1 times) - AK-47 (90 ammo, expected 0)
[2020-02-08 23:40] [Weapon Hacks] Teste_Teste (2 times) - AK-47 (90 ammo, expected 0)
[2020-02-08 23:44] [Weapon Hacks] Teste_Teste (3 times) - AK-47 (90 ammo, expected 0)
[2020-02-08 23:50] [Weapon Hacks] Teste_Teste (4 times) - AK-47 (90 ammo, expected 0)
[2020-02-08 23:52] [Weapon Hacks] Teste_Teste (5 times) - AK-47 (90 ammo, expected 0)
[2020-02-08 23:54] [Weapon Hacks] Teste_Teste (6 times) - AK-47 (90 ammo, expected 0)
[2020-02-08 23:54] [Weapon Hacks] Teste_Teste (7 times) - AK-47 (79 ammo, expected 0)
[2020-02-08 23:55] [Weapon Hacks] Teste_Teste (8 times) - AK-47 (90 ammo, expected 0)
[2020-02-08 23:57] [Weapon Hacks] Teste_Teste (9 times) - AK-47 (90 ammo, expected 0)
[2020-02-08 23:58] [Weapon Hacks] Teste_Teste (10 times) - AK-47 (90 ammo, expected 0)
[2020-02-08 23:59] [Weapon Hacks] Teste_Teste (11 times) - AK-47 (90 ammo, expected 0)
[2020-02-08 23:59] [Weapon Hacks] Teste_Teste (12 times) - AK-47 (90 ammo, expected 0)
[2020-02-09 00:00] [Weapon Hacks] Teste_Teste (13 times) - AK-47 (90 ammo, expected 0)
[2020-02-09 00:00] [Weapon Hacks] Teste_Teste (14 times) - AK-47 (90 ammo, expected 0)
[2020-02-09 00:01] [Weapon Hacks] Teste_Teste (15 times) - AK-47 (90 ammo, expected 0)
[2020-02-09 00:02] [Weapon Hacks] Teste_Teste (16 times) - AK-47 (90 ammo, expected 0)
[2020-02-09 00:04] [Weapon Hacks] Teste_Teste (17 times) - AK-47 (90 ammo, expected 0)
[2020-02-09 00:05] [Weapon Hacks] Konaly_Brabo (1 times) - AK-47 (90 ammo, expected 0)
[2020-02-09 00:06] [Weapon Hacks] Teste_Teste (18 times) - AK-47 (82 ammo, expected 0)
[2020-02-09 00:07] [Weapon Hacks] Teste_Teste (19 times) - AK-47 (90 ammo, expected 0)
[2020-02-09 00:09] [Weapon Hacks] Teste_Teste (20 times) - AK-47 (86 ammo, expected 0)
[2020-02-09 00:10] [Weapon Hacks] Konaly_Brabo (2 times) - AK-47 (90 ammo, expected 0)
[2020-02-09 00:11] [Weapon Hacks] Teste_Teste (21 times) - AK-47 (90 ammo, expected 0)
[2020-02-09 00:12] [Weapon Hacks] Konaly_Brabo (3 times) - AK-47 (90 ammo, expected 0)
[2020-02-09 00:15] [Weapon Hacks] Konaly_Brabo (4 times) - AK-47 (90 ammo, expected 0)
[2020-02-09 00:15] [Weapon Hacks] Teste_Teste (22 times) - AK-47 (90 ammo, expected 0)
[2020-02-09 00:15] [Weapon Hacks] Teste_Teste (23 times) - AK-47 (90 ammo, expected 0)
[2020-02-09 00:17] [Weapon Hacks] Teste_Teste (24 times) - AK-47 (90 ammo, expected 0)
[2020-02-09 00:17] [Weapon Hacks] Teste_Teste (25 times) - AK-47 (90 ammo, expected 0)
[2020-02-09 00:20] [Weapon Hacks] Teste_Teste (26 times) - AK-47 (90 ammo, expected 0)
[2020-02-09 00:23] [Weapon Hacks] Teste_Teste (27 times) - AK-47 (90 ammo, expected 0)
[2020-02-09 00:42] [Weapon Hacks] Teste_Teste (28 times) - AK-47 (90 ammo, expected 0)
[2020-02-09 00:43] [Weapon Hacks] Teste_Teste (29 times) - AK-47 (90 ammo, expected 0)
[2020-02-09 00:45] [Weapon Hacks] Teste_Teste (30 times) - AK-47 (90 ammo, expected 0)
[2020-02-09 00:47] [Weapon Hacks] Teste_Teste (31 times) - AK-47 (90 ammo, expected 0)
[2020-02-09 00:48] [Weapon Hacks] Teste_Teste (32 times) - AK-47 (90 ammo, expected 0)
[2020-02-09 00:49] [Weapon Hacks] Teste_Teste (33 times) - AK-47 (90 ammo, expected 0)
[2020-02-09 00:49] [Weapon Hacks] Teste_Teste (34 times) - AK-47 (90 ammo, expected 0)
[2020-02-09 00:50] [Weapon Hacks] Teste_Teste (35 times) - AK-47 (90 ammo, expected 0)
[2020-02-09 00:51] [Weapon Hacks] Teste_Teste (36 times) - AK-47 (90 ammo, expected 0)
[2020-02-09 00:51] [Weapon Hacks] Teste_Teste (37 times) - AK-47 (90 ammo, expected 0)
[2020-02-09 00:52] [Weapon Hacks] Teste_Teste (38 times) - AK-47 (90 ammo, expected 0)
[2020-02-09 00:57] [Weapon Hacks] Teste_Teste (39 times) - AK-47 (90 ammo, expected 0)
[2020-02-09 00:59] [Weapon Hacks] Teste_Teste (40 times) - AK-47 (90 ammo, expected 0)
[2020-02-09 01:00] [Weapon Hacks] Teste_Teste (41 times) - AK-47 (90 ammo, expected 0)
[2020-02-09 01:05] [Weapon Hacks] Teste_Teste (42 times) - Colt 45 (30 ammo, expected 0)
[2020-02-09 01:33] [Weapon Hacks] Konaly_Brabo (1 times) - AK-47 (80 ammo, expected 0)
[2020-02-09 01:33] [Weapon Hacks] Teste_Teste (43 times) - AK-47 (77 ammo, expected 0)
[2020-02-09 01:35] [Weapon Hacks] Teste_Teste (44 times) - AK-47 (77 ammo, expected 0)
[2020-02-09 01:42] [Weapon Hacks] Teste_Teste (45 times) - AK-47 (83 ammo, expected 0)
[2020-02-09 01:42] [Weapon Hacks] Teste_Teste (46 times) - AK-47 (90 ammo, expected 0)
[2020-02-09 01:42] [Weapon Hacks] Teste_Teste (47 times) - AK-47 (72 ammo, expected 0)
[2020-02-09 01:43] [Weapon Hacks] Teste_Teste (48 times) - AK-47 (86 ammo, expected 0)
[2020-02-09 01:46] [Weapon Hacks] Teste_Teste (49 times) - AK-47 (90 ammo, expected 0)
[2020-02-09 01:46] [Weapon Hacks] Teste_Teste (50 times) - AK-47 (90 ammo, expected 0)
[2020-02-09 01:47] [Weapon Hacks] Teste_Teste (51 times) - AK-47 (90 ammo, expected 0)
[2020-02-09 01:50] [Weapon Hacks] Teste_Teste (52 times) - AK-47 (90 ammo, expected 0)
[2020-02-09 01:52] [Weapon Hacks] Teste_Teste (53 times) - AK-47 (81 ammo, expected 0)
[2020-02-09 01:53] [Weapon Hacks] Teste_Teste (54 times) - AK-47 (90 ammo, expected 0)
[2020-02-09 02:00] [Weapon Hacks] Teste_Teste (55 times) - AK-47 (78 ammo, expected 0)
[2020-02-09 02:07] [Weapon Hacks] Teste_Teste (56 times) - AK-47 (90 ammo, expected 0)
[2020-02-09 02:17] [Weapon Hacks] Konaly_Brabo (2 times) - AK-47 (90 ammo, expected 0)
[2020-02-09 02:27] [Weapon Hacks] Teste_Teste (1 times) - Shotgun (84 ammo, expected 0)
[2020-02-09 02:27] [Weapon Hacks] Teste_Teste (2 times) - Shotgun (87 ammo, expected 0)
[2020-02-09 02:27] [Weapon Hacks] Teste_Teste (3 times) - Shotgun (83 ammo, expected 0)
[2020-02-09 02:31] [Weapon Hacks] Konaly_Brabo (3 times) - AK-47 (90 ammo, expected 0)
[2020-02-09 02:31] [Weapon Hacks] Konaly_Brabo (4 times) - AK-47 (90 ammo, expected 0)
[2020-02-09 02:31] [Weapon Hacks] Teste_Teste (4 times) - Sniper (90 ammo, expected 0)
[2020-02-09 02:32] [Weapon Hacks] Teste_Teste (5 times) - Sniper (90 ammo, expected 0)
[2020-02-09 02:32] [Weapon Hacks] Konaly_Brabo (5 times) - Sniper (87 ammo, expected 0)
[2020-02-09 02:32] [Weapon Hacks] Teste_Teste (6 times) - Sniper (90 ammo, expected 0)
[2020-02-09 02:32] [Weapon Hacks] Konaly_Brabo (6 times) - Sniper (89 ammo, expected 0)
[2020-02-09 02:32] [Weapon Hacks] Teste_Teste (7 times) - Sniper (88 ammo, expected 0)
[2020-02-09 02:32] [Weapon Hacks] Konaly_Brabo (7 times) - Sniper (89 ammo, expected 0)
[2020-02-09 02:32] [Weapon Hacks] Teste_Teste (8 times) - Sniper (86 ammo, expected 0)
[2020-02-09 02:33] [Weapon Hacks] Konaly_Brabo (8 times) - Sniper (89 ammo, expected 0)
[2020-02-09 02:33] [Weapon Hacks] Teste_Teste (9 times) - Sniper (86 ammo, expected 0)
[2020-02-09 02:33] [Weapon Hacks] Konaly_Brabo (9 times) - Sniper (88 ammo, expected 0)
[2020-02-09 02:33] [Weapon Hacks] Teste_Teste (10 times) - Sniper (90 ammo, expected 0)
[2020-02-09 02:33] [Weapon Hacks] Teste_Teste (11 times) - Sniper (90 ammo, expected 0)
[2020-02-09 02:34] [Weapon Hacks] Teste_Teste (12 times) - Sniper (84 ammo, expected 0)
[2020-02-09 02:34] [Weapon Hacks] Teste_Teste (13 times) - Sniper (86 ammo, expected 0)
[2020-02-09 02:34] [Weapon Hacks] Konaly_Brabo (10 times) - Sniper (90 ammo, expected 0)
[2020-02-09 02:34] [Weapon Hacks] Teste_Teste (14 times) - Cane (1 ammo, expected 0)
[2020-02-09 02:34] [Weapon Hacks] Teste_Teste (15 times) - Rifle (89 ammo, expected 0)
[2020-02-09 02:34] [Weapon Hacks] Konaly_Brabo (11 times) - Sniper (90 ammo, expected 0)
[2020-02-09 02:34] [Weapon Hacks] Teste_Teste (16 times) - Vibrator (1 ammo, expected 0)
[2020-02-09 02:34] [Weapon Hacks] Konaly_Brabo (12 times) - Vibrator (1 ammo, expected 0)
[2020-02-09 02:35] [Weapon Hacks] Konaly_Brabo (13 times) - Sniper (90 ammo, expected 0)
[2020-02-09 02:35] [Weapon Hacks] Konaly_Brabo (14 times) - Sniper (89 ammo, expected 0)
[2020-02-09 02:35] [Weapon Hacks] Konaly_Brabo (15 times) - Sniper (90 ammo, expected 0)
[2020-02-09 05:02] [Weapon Hacks] Teste_Teste (1 times) - AK-47 (90 ammo, expected 0)
[2020-02-09 05:04] [Weapon Hacks] Teste_Teste (2 times) - AK-47 (90 ammo, expected 0)
[2020-02-09 05:05] [Weapon Hacks] Teste_Teste (3 times) - AK-47 (90 ammo, expected 0)
[2020-02-09 05:07] [Weapon Hacks] Teste_Teste (4 times) - AK-47 (90 ammo, expected 0)
[2020-02-09 05:08] [Weapon Hacks] Teste_Teste (5 times) - AK-47 (90 ammo, expected 0)
[2020-02-09 05:10] [Weapon Hacks] Teste_Teste (6 times) - AK-47 (90 ammo, expected 0)
[2020-02-09 05:15] [Weapon Hacks] Teste_Teste (7 times) - AK-47 (90 ammo, expected 0)
[2020-02-09 05:18] [Weapon Hacks] Teste_Teste (8 times) - AK-47 (90 ammo, expected 0)
[2020-02-09 05:22] [Weapon Hacks] Teste_Teste (9 times) - AK-47 (90 ammo, expected 0)
[2020-02-09 05:23] [Weapon Hacks] Teste_Teste (10 times) - AK-47 (90 ammo, expected 0)
[2020-02-09 05:26] [Weapon Hacks] Teste_Teste (11 times) - AK-47 (90 ammo, expected 0)
[2020-02-09 19:05] [Weapon Hacks] Teste_Teste (1 times) - AK-47 (90 ammo, expected 0)
[2020-02-09 19:07] [Weapon Hacks] Teste_Teste (2 times) - AK-47 (78 ammo, expected 0)
[2020-02-09 19:10] [Weapon Hacks] Konaly_Brabo (1 times) - AK-47 (90 ammo, expected 0)
[2020-02-10 06:10] [Weapon Hacks] Konaly_Brabo (1 times) - Rocket Launcher HS (89 ammo, expected 0)
[2020-02-10 06:13] [Weapon Hacks] Konaly_Brabo (2 times) - Flower (1 ammo, expected 0)
[2020-02-10 10:41] [Weapon Hacks] Konaly_Brabo (1 times) - Bat (1 ammo, expected 0)
[2020-02-10 10:42] [Weapon Hacks] Lindomar_Silva (1 times) - AK-47 (90 ammo, expected 0)
[2020-02-11 11:15] [Weapon Hacks] Lindomar_Silva (1 times) - AK-47 (71 ammo, expected 0)
[2020-02-11 20:22] [Weapon Hacks] Konaly_Brabo (1 times) - Rocket Launcher HS (85 ammo, expected 0)
[2020-02-12 00:34] [Weapon Hacks] Lindomar_Silva (1 times) - AK-47 (79 ammo, expected 0)
[2020-02-12 00:35] [Weapon Hacks] Konaly_Brabo (1 times) - AK-47 (180 ammo, expected 0)
[2020-02-14 02:07] [Weapon Hacks] Konaly_Brabo (1 times) - AK-47 (90 ammo, expected 0)
[2020-02-14 02:07] [Weapon Hacks] Konaly_Brabo (2 times) - AK-47 (90 ammo, expected 0)
[2020-02-14 02:45] [Weapon Hacks] Lindomar_Silva (1 times) - AK-47 (85 ammo, expected 0)
[2020-02-14 02:45] [Weapon Hacks] Konaly_Brabo (3 times) - AK-47 (62 ammo, expected 0)
[2020-02-14 02:45] [Weapon Hacks] Lindomar_Silva (2 times) - AK-47 (151 ammo, expected 61)
[2020-02-14 02:46] [Weapon Hacks] Lindomar_Silva (3 times) - Molotov (90 ammo, expected 0)
[2020-02-15 09:00] [Weapon Hacks] Lindomar_Silva (1 times) - AK-47 (90 ammo, expected 0)
[2020-02-15 09:03] [Weapon Hacks] Lindomar_Silva (1 times) - AK-47 (90 ammo, expected 0)
[2020-02-15 09:59] [Weapon Hacks] Konaly_Brabo (1 times) - Rocket Launcher HS (90 ammo, expected 0)
[2020-02-15 10:00] [Weapon Hacks] Konaly_Brabo (2 times) - Rocket Launcher HS (90 ammo, expected 0)
[2020-02-15 10:01] [Weapon Hacks] Konaly_Brabo (3 times) - AK-47 (90 ammo, expected 0)
[2020-02-15 10:24] [Weapon Hacks] Lindomar_Silva (1 times) - AK-47 (90 ammo, expected 0)
[2020-02-15 10:25] [Weapon Hacks] Lindomar_Silva (2 times) - AK-47 (90 ammo, expected 0)
[2020-02-15 11:53] [Weapon Hacks] Konaly_Brabo (4 times) - AK-47 (90 ammo, expected 0)
[2020-02-15 11:53] [Weapon Hacks] Konaly_Brabo (5 times) - AK-47 (90 ammo, expected 0)
[2020-02-15 11:53] [Weapon Hacks] Konaly_Brabo (6 times) - AK-47 (90 ammo, expected 0)
[2020-02-15 11:53] [Weapon Hacks] Konaly_Brabo (7 times) - AK-47 (90 ammo, expected 0)
[2020-02-15 11:56] [Weapon Hacks] Lindomar_Silva (1 times) - M4 (81 ammo, expected 0)
[2020-02-15 11:56] [Weapon Hacks] Lindomar_Silva (2 times) - Brassknuckle (1 ammo, expected 0)
[2020-02-15 11:56] [Weapon Hacks] Lindomar_Silva (3 times) - Rocket Launcher (90 ammo, expected 0)
[2020-02-15 11:57] [Weapon Hacks] Lindomar_Silva (4 times) - Rocket Launcher (89 ammo, expected 0)
[2020-02-15 11:57] [Weapon Hacks] Lindomar_Silva (5 times) - Rocket Launcher (89 ammo, expected 0)
[2020-02-16 00:09] [Weapon Hacks] Lindomar_Silva (1 times) - AK-47 (90 ammo, expected 0)
[2020-02-16 00:32] [Weapon Hacks] Lindomar_Silva (2 times) - AK-47 (87 ammo, expected 0)
[2020-02-16 00:32] [Weapon Hacks] Lindomar_Silva (3 times) - Flower (1 ammo, expected 0)
[2020-02-16 00:32] [Weapon Hacks] Lindomar_Silva (4 times) - Flower (1 ammo, expected 0)
[2020-02-16 00:41] [Weapon Hacks] Lindomar_Silva (5 times) - AK-47 (89 ammo, expected 0)
[2020-02-16 00:51] [Weapon Hacks] Konaly_Brabo (1 times) - AK-47 (71 ammo, expected 0)
[2020-02-16 00:55] [Weapon Hacks] Konaly_Brabo (2 times) - AK-47 (80 ammo, expected 0)
[2020-02-16 00:55] [Weapon Hacks] Lindomar_Silva (6 times) - Tec-9 (47 ammo, expected 0)
[2020-02-16 03:17] [Weapon Hacks] Lindomar_Silva (7 times) - Tec-9 (57 ammo, expected 0)
[2020-02-16 06:33] [Weapon Hacks] Konaly_Brabo (3 times) - AK-47 (89 ammo, expected 0)
