[2020-02-10 02:47] Lindomar_Silva->Player #15 - Caixa de maconha - 0
[2020-02-10 03:27] Lindomar_Silva->Player #15 - Caixa de maconha - 209
[2020-02-10 03:31] Lindomar_Silva->Player #15 - Caixa de maconha - 209
[2020-02-10 03:31] Lindomar_Silva->Player #15 - Caixa de maconha - 1
[2020-02-10 04:38] Lindomar_Silva->Player #15 - Caixa de maconha - 209
[2020-02-10 04:41] Lindomar_Silva->Player #14 - Caixa de maconha - 209
[2020-02-10 05:26] Konaly_Brabo->Player #15 - Chave do veículo - 3
[2020-02-10 06:33] Lindomar_Silva->Vehicle #5 - Caixa de maconha - 1
[2020-02-10 06:35] Lindomar_Silva->Player #14 - Caixa de maconha - 209
[2020-02-10 06:35] Lindomar_Silva->Player #14 - Caixa de maconha - 1
[2020-02-10 06:36] Lindomar_Silva->Vehicle #2 - Caixa de maconha - 1
[2020-02-10 06:37] Lindomar_Silva->Vehicle #2 - Caixa de maconha - 209
[2020-02-10 06:48] Lindomar_Silva->Vehicle #3 - Caixa de maconha - 209
[2020-02-10 06:48] Vehicle #3->Lindomar_Silva - Caixa de maconha - 209
[2020-02-10 06:51] Lindomar_Silva put item #51 (120:Caixa de maconha) - 209 in Vehicle #3
[2020-02-10 06:51] Lindomar_Silva->Vehicle #3 - Caixa de maconha - 209
[2020-02-10 06:51] Lindomar_Silva->Vehicle #3 - Caixa de maconha - 1
[2020-02-10 06:51] Lindomar_Silva->Vehicle #3 - Caixa de maconha - 209
[2020-02-10 06:51] Lindomar_Silva->Vehicle #3 - Caixa de maconha - 209
[2020-02-10 19:08] Vehicle #5->Lindomar_Silva - Caixa de maconha - 1
[2020-02-10 19:08] Lindomar_Silva->Vehicle #5 - Caixa de maconha - 1
[2020-02-10 19:17] Lindomar_Silva->Vehicle #5 - Caixa de maconha - 1
[2020-02-10 19:17] Lindomar_Silva->Vehicle #5 - Caixa de maconha - 1
[2020-02-10 19:23] Vehicle #5->Lindomar_Silva - Caixa de maconha - 1
[2020-02-10 19:23] Lindomar_Silva->Vehicle #5 - AK-47 - 61
[2020-02-10 19:30] Lindomar_Silva->Vehicle #5 - Caixa de maconha - 1
[2020-02-10 19:30] Vehicle #5->Lindomar_Silva - Caixa de maconha - 1
[2020-02-10 19:30] Lindomar_Silva->Vehicle #5 - Caixa de maconha - 1
[2020-02-10 19:30] Vehicle #5->Lindomar_Silva - Caixa de maconha - 1
[2020-02-10 19:30] Lindomar_Silva->Vehicle #5 - Caixa de maconha - 1
[2020-02-10 19:30] Vehicle #5->Lindomar_Silva - Caixa de maconha - 1
[2020-02-10 19:30] Vehicle #5->Lindomar_Silva - Caixa de maconha - 1
[2020-02-10 19:31] Lindomar_Silva->Vehicle #5 - Caixa de maconha - 1
[2020-02-10 19:31] Vehicle #5->Lindomar_Silva - Caixa de maconha - 1
[2020-02-10 19:31] Lindomar_Silva->Vehicle #5 - Caixa de maconha - 1
[2020-02-10 19:32] Lindomar_Silva->Vehicle #5 - Caixa de maconha - 1
[2020-02-10 19:32] Vehicle #5->Lindomar_Silva - Caixa de maconha - 1
[2020-02-10 19:33] Lindomar_Silva->Vehicle #5 - Caixa de maconha - 1
[2020-02-10 19:33] Vehicle #5->Lindomar_Silva - Caixa de maconha - 1
[2020-02-10 19:34] Lindomar_Silva->Vehicle #5 - Chave do veículo - 5
[2020-02-10 19:34] Vehicle #5->Lindomar_Silva - Chave do veículo - 5
[2020-02-10 19:34] Lindomar_Silva->Vehicle #5 - Caixa de maconha - 1
[2020-02-10 19:36] Vehicle #5->Lindomar_Silva - Caixa de maconha - 1
[2020-02-10 19:36] Lindomar_Silva->Vehicle #5 - Caixa de maconha - 1
[2020-02-10 19:36] Vehicle #5->Lindomar_Silva - Caixa de maconha - 1
[2020-02-10 19:36] Lindomar_Silva->Vehicle #5 - Caixa de maconha - 1
[2020-02-10 19:42] Vehicle #5->Lindomar_Silva - Caixa de maconha - 1
[2020-02-10 19:46] Vehicle #5->Lindomar_Silva - Caixa de maconha - 1
[2020-02-10 19:46] Lindomar_Silva->Vehicle #5 - Caixa de maconha - 1
[2020-02-10 20:16] Vehicle #5->Lindomar_Silva - Caixa de maconha - 1
[2020-02-10 22:38] Vehicle #5->Lindomar_Silva - Caixa de maconha - 1
[2020-02-10 22:38] Vehicle #5->Lindomar_Silva - Caixa de maconha - 1
[2020-02-11 00:04] Vehicle #7->Lindomar_Silva - Caixa de maconha - 1
[2020-02-11 00:04] Vehicle #7->Lindomar_Silva - Caixa de maconha - 1
[2020-02-11 00:04] Vehicle #7->Lindomar_Silva - Caixa de maconha - 1
[2020-02-11 00:04] Vehicle #7->Lindomar_Silva - Caixa de maconha - 1
