[2011-11-14 10:29] [MAKEVEH] . created car #123 (Sultan) - Owner: .
[2011-11-14 18:32] [MAKEVEH] a created car #338 (Bullet) - Owner: a
[2012-04-06 22:37] [CAR SHOP] Dwight_Baker bought car #1 (Hermes)
[2012-04-06 22:38] [UNRENT DELETE] Car #1 was deleted by Dwight_Baker
[2012-04-06 23:40] [MAKEVEH] Dwight_Baker created car #1 (Manana) - Owner: Dwight_Baker
[2012-04-20 13:14] [MAKEVEH] Henry_Hard created car #1 (Manana) - Owner: Henry_Hard
[2012-04-21 23:38] [CAR SHOP] Henry_Hard bought car #2 (BMX)
[2012-04-21 23:38] [CAR SHOP] Henry_Hard bought car #3 (Stratum)
[2012-04-21 23:41] [CAR SHOP] Henry_Hard bought car #4 (Jester)
[2014-09-06 02:44] [MAKEVEH] Chris_Emeral created car #1 (Elegy) - Owner: Chris_Emeral
[2014-09-06 02:46] [ADD TINT-ADMIN] Chris Emeral has added tint to vehicle #1 - Elegy.
[2020-02-10 04:53] [CAR SHOP] Lindomar_Silva bought car #1 (Blista Compact)
[2020-02-10 05:09] [CAR SHOP] Lindomar_Silva bought car #1 (Jester)
[2020-02-10 05:21] [CAR SHOP] Lindomar_Silva bought car #2 (Wayfarer)
[2020-02-10 05:24] [CAR SHOP] Lindomar_Silva bought car #3 (Sanchez)
[2020-02-10 05:36] [SELL] car #3 was sold from Lindomar Silva to Konaly Brabo
[2020-02-10 05:59] [CAR SHOP] Lindomar_Silva bought car #4 (BMX)
[2020-02-10 06:12] [CAR SHOP] Lindomar_Silva bought car #5 (Sentinel)
[2020-02-10 19:05] [CAR SHOP] Lindomar_Silva bought car #4 (Huntley)
[2020-02-10 19:06] [CAR SHOP] Lindomar_Silva bought car #5 (Greenwood)
[2020-02-10 21:18] [CAR SHOP] Konaly_Brabo bought car #6 (Blista Compact)
[2020-02-10 22:31] [CAR SHOP] Lindomar_Silva bought car #7 (Regina)
[2020-02-15 13:11] [CAR SHOP] Lindomar_Silva bought car #1 (Bravura)
[2020-02-15 19:28] [CAR SHOP] Konaly_Brabo bought car #2 (Manana)
