[2011-11-14 09:51] [/SETHP] medwin/. set . to 20
[2011-11-14 09:58] [/SETHP] medwin/. set . to 0
[2011-11-14 10:02] [/SETHP] medwin/. set . to 0
[2011-11-14 10:05] [/SETHP] medwin/. set . to 0
[2011-11-14 10:15] [/SETHP] medwin/. set . to 0
[2011-11-14 10:15] [/SETHP] medwin/. set . to 0
[2011-11-14 12:05] [/CHANGENAME] medwin/a changed LOL TO a
[2011-11-14 12:36] [/SETARMOR] medwin/a set a his armor to 100
[2011-11-14 12:51] [/SETHP] medwin/a set a to 20
[2011-11-14 12:53] [/SETHP] medwin/a set a to 20
[2011-11-14 12:53] [/SETHP] medwin/a set a to 29
[2011-11-14 12:54] [/SETHP] medwin/a set a to 100
[2011-11-14 12:54] [/SETHP] medwin/a set a to 10
[2011-11-14 12:54] [/SETHP] medwin/a set a to 10
[2011-11-14 12:57] [/SETHP] medwin/a set a to 25
[2011-11-14 12:58] [/SETHP] medwin/a set a to 30
[2011-11-14 12:58] [/SETHP] medwin/a set a to 20
[2011-11-14 12:58] [/SETHP] medwin/a set a to 50
[2011-11-14 12:58] [/SETHP] medwin/a set a to 15
[2011-11-14 12:59] [/SETHP] medwin/a set a to 20
[2011-11-14 12:59] [/SETHP] medwin/a set a to 15
[2012-04-06 22:37] [/GIVELICENSE] et2/Dwight Baker gave Dwight Baker the following license:driver
[2012-04-06 23:17] [/MAKEDONATOR] et2/Dwight Baker made Dwight Baker a Gold Donator
[2012-04-06 23:21] [/MAKEDONATOR] et2/Dwight Baker made Dwight Baker a Non-Donator
[2012-04-06 23:38] [/MAKEDONATOR] et2/Dwight Baker made Dwight Baker a Bronze Donator
[2012-04-06 23:53] [/SETMOTD] et2/Dwight Baker changed the MOTD TO s
[2012-04-20 04:01] [/SETSKIN] et2/Dwight Towers set Dwight Towers his skin to 19
[2012-04-20 04:02] [/SETSKIN] et2/Dwight Towers set Dwight Towers his skin to 79
[2012-04-20 04:02] [/SETSKIN] et2/Dwight Towers set Dwight Towers his skin to 29
[2012-04-20 06:33] [/SETMOTD] et2/Dwight Towers changed the MOTD TO qweqw
[2012-04-20 06:35] [/SETMOTD] et2/Dwight Towers changed the MOTD TO 123
[2012-04-20 06:36] [/SETMOTD] et2/Dwight Towers changed the MOTD TO 123123
[2012-04-20 06:36] [/SETAMOTD] et2/Dwight Towers changed the Admin MOTD TO 123
[2012-04-20 06:37] [/SETMOTD] et2/Dwight Towers changed the MOTD TO This is a test message for the scoreboard. Relog to see it.
[2012-04-20 06:38] [/SETMOTD] et2/Dwight Towers changed the MOTD TO s
[2012-04-20 06:38] [/SETMOTD] et2/Dwight Towers changed the MOTD TO This is a script-test message for the scoreboard, enjoy.
[2012-04-20 07:03] [/SETHP] et2/Dwight Towers set Dwight Towers to 5
[2012-04-20 07:03] [/SETHP] et2/Dwight Towers set Dwight Towers to 5
[2012-04-20 07:03] [/SETHP] et2/Dwight Towers set Dwight Towers to 2
[2012-04-20 07:03] [/SETHP] et2/Dwight Towers set Dwight Towers to 5
[2012-04-20 07:05] [/SETHP] et2/Dwight Towers set Dwight Towers to 20
[2012-04-20 07:05] [/SETHP] et2/Dwight Towers set Dwight Towers to 15
[2012-04-20 07:05] [/SETARMOR] et2/Dwight Towers set Dwight Towers his armor to 100
[2012-04-20 07:07] [/SETHP] et2/Dwight Towers set Dwight Towers to 100
[2012-04-20 07:11] [/SETHP] et2/Dwight Towers set Dwight Towers to 5
[2012-04-20 07:11] [/SETHP] et2/Dwight Towers set Dwight Towers to 5
[2012-04-20 07:12] [/SETHP] et2/Dwight Towers set Dwight Towers to 15
[2012-04-20 07:13] [/SETARMOR] et2/Dwight Towers set Dwight Towers his armor to 100
[2012-04-20 08:54] [/SETHP] et2/Dwight Parker set Dwight Parker to 5
[2012-04-20 09:00] [/SETARMOR] et2/Dwight Parker set Dwight Parker his armor to 100
[2012-04-20 10:59] [/SETAMOTD] et2/Dwight Parker changed the Admin MOTD TO a 2 1113
[2012-04-20 11:42] [/SETMOTD] et2/Dwight Towers changed the MOTD TO test
[2012-04-20 11:43] [/SETMOTD] et2/Dwight Towers changed the MOTD TO 1
[2012-04-20 11:47] [/SETMOTD] et2/Dwight Towers changed the MOTD TO s
[2012-04-20 11:47] [/SETMOTD] et2/Dwight Towers changed the MOTD TO dick
[2012-04-20 11:48] [/SETMOTD] et2/Dwight Towers changed the MOTD TO 1
[2012-04-20 11:48] [/SETMOTD] et2/Dwight Towers changed the MOTD TO 1
[2012-04-20 11:49] [/SETMOTD] et2/Dwight Towers changed the MOTD TO e
[2012-04-20 11:50] [/SETMOTD] et2/Dwight Towers changed the MOTD TO 1
[2012-04-20 11:52] [/SETMOTD] et2/Dwight Towers changed the MOTD TO 1
[2012-04-20 11:54] [/SETMOTD] et2/Dwight Towers changed the MOTD TO dick
[2012-04-20 11:55] [/SETMOTD] et2/Dwight Towers changed the MOTD TO q
[2012-04-20 11:55] [/SETMOTD] et2/Dwight Towers changed the MOTD TO lalalala
[2012-04-20 11:56] [/SETMOTD] et2/Dwight Towers changed the MOTD TO Test message set to test scoreboard
[2012-04-20 12:03] [/SETHP] et2/Dwight Towers set Dwight Towers to 5
[2012-04-20 12:03] [/SETHP] et2/Dwight Towers set Dwight Towers to 10
[2012-04-20 12:05] [/SETHP] et2/Dwight Towers set Dwight Towers to 10
[2012-04-20 12:05] [/SETHP] et2/Dwight Towers set Dwight Towers to 15
[2012-04-20 12:07] [/SETHP] et2/Dwight Towers set Dwight Towers to 100
[2012-04-20 12:09] [/SETHP] et2/Dwight Towers set Dwight Towers to 15
[2012-04-20 12:09] [/SETHP] et2/Dwight Towers set Dwight Towers to 15
[2012-04-20 12:10] [/SETARMOR] et2/Dwight Towers set Dwight Towers his armor to 100
[2012-04-20 12:21] [/SETHP] et2/Dwight Towers set Dwight Towers to 15
[2012-04-20 12:21] [/SETHP] et2/Dwight Towers set Dwight Towers to 30
[2012-04-20 13:00] [/CHANGENAME] et2/Henry Hard changed Dwight Towers TO Henry_Hard
[2012-04-20 13:15] [/SETARMOR] et2/Ma Ma set Ma Ma his armor to 100
[2012-04-21 16:30] [/SETMOTD] et2/Henry Hard changed the MOTD TO q
[2012-04-21 16:30] [/SETMOTD] et2/Henry Hard changed the MOTD TO Special message set to test scoreboard
[2012-04-21 23:38] [/GIVELICENSE] et2/Henry Hard gave Henry Hard the following license:driver
